# JRE version: OpenJDK Runtime Environment Temurin-21.0.8+9 (21.0.8+9) (build 21.0.8+9-LTS)
# Java VM: OpenJDK 64-Bit Server VM Temurin-21.0.8+9 (21.0.8+9-LTS, mixed mode, tiered, compressed oops, compressed class ptrs, g1 gc, windows-amd64)
GC Precious Log:
 CardTable entry size: 512
 Card Set container configuration: InlinePtr #cards 4 size 8 Array Of Cards #cards 16 size 48 Howl #buckets 8 coarsen threshold 3686 Howl Bitmap #cards 512 size 80 coarsen threshold 460 Card regions per heap region 1 cards per card region 4096
 CPUs: 16 total, 16 available
 Memory: 15611M
 Large Page Support: Disabled
 NUMA Support: Disabled
 Compressed Oops: Enabled (Zero based)
 Heap Region Size: 2M
 Heap Min Capacity: 8M
 Heap Initial Capacity: 244M
 Heap Max Capacity: 3904M
 Pre-touch: Disabled
 Parallel Workers: 13
 Concurrent Workers: 3
 Concurrent Refinement Workers: 13
 Periodic GC: Disabled
Heap:
 garbage-first heap   total 540672K, used 301759K [0x000000070c000000, 0x0000000800000000)
  region size 2048K, 32 young (65536K), 2 survivors (4096K)
 Metaspace       used 113141K, committed 114560K, reserved 1179648K
  class space    used 12501K, committed 13120K, reserved 1048576K
GC Heap History (20 events):
Event: 2294.811 GC heap before
{Heap before GC invocations=141 (full 0):
 garbage-first heap   total 540672K, used 507267K [0x000000070c000000, 0x0000000800000000)
  region size 2048K, 131 young (268288K), 1 survivors (2048K)
 Metaspace       used 112744K, committed 114176K, reserved 1179648K
  class space    used 12487K, committed 13120K, reserved 1048576K
}
Event: 2294.812 GC heap after
{Heap after GC invocations=142 (full 0):
 garbage-first heap   total 540672K, used 241034K [0x000000070c000000, 0x0000000800000000)
  region size 2048K, 1 young (2048K), 1 survivors (2048K)
 Metaspace       used 112744K, committed 114176K, reserved 1179648K
  class space    used 12487K, committed 13120K, reserved 1048576K
}
Event: 2295.271 GC heap before
{Heap before GC invocations=143 (full 0):
 garbage-first heap   total 540672K, used 507274K [0x000000070c000000, 0x0000000800000000)
  region size 2048K, 131 young (268288K), 1 survivors (2048K)
 Metaspace       used 112744K, committed 114176K, reserved 1179648K
  class space    used 12487K, committed 13120K, reserved 1048576K
}
Event: 2295.272 GC heap after
{Heap after GC invocations=144 (full 0):
 garbage-first heap   total 540672K, used 241030K [0x000000070c000000, 0x0000000800000000)
  region size 2048K, 1 young (2048K), 1 survivors (2048K)
 Metaspace       used 112744K, committed 114176K, reserved 1179648K
  class space    used 12487K, committed 13120K, reserved 1048576K
}
Event: 2296.621 GC heap before
{Heap before GC invocations=144 (full 0):
 garbage-first heap   total 540672K, used 507270K [0x000000070c000000, 0x0000000800000000)
  region size 2048K, 131 young (268288K), 1 survivors (2048K)
 Metaspace       used 112794K, committed 114240K, reserved 1179648K
  class space    used 12487K, committed 13120K, reserved 1048576K
}
Event: 2296.627 GC heap after
{Heap after GC invocations=145 (full 0):
 garbage-first heap   total 540672K, used 242294K [0x000000070c000000, 0x0000000800000000)
  region size 2048K, 1 young (2048K), 1 survivors (2048K)
 Metaspace       used 112794K, committed 114240K, reserved 1179648K
  class space    used 12487K, committed 13120K, reserved 1048576K
}
Event: 2409.727 GC heap before
{Heap before GC invocations=145 (full 0):
 garbage-first heap   total 540672K, used 508534K [0x000000070c000000, 0x0000000800000000)
  region size 2048K, 131 young (268288K), 1 survivors (2048K)
 Metaspace       used 112928K, committed 114304K, reserved 1179648K
  class space    used 12489K, committed 13120K, reserved 1048576K
}
Event: 2409.729 GC heap after
{Heap after GC invocations=146 (full 0):
 garbage-first heap   total 540672K, used 242641K [0x000000070c000000, 0x0000000800000000)
  region size 2048K, 1 young (2048K), 1 survivors (2048K)
 Metaspace       used 112928K, committed 114304K, reserved 1179648K
  class space    used 12489K, committed 13120K, reserved 1048576K
}
Event: 2413.915 GC heap before
{Heap before GC invocations=147 (full 0):
 garbage-first heap   total 540672K, used 508881K [0x000000070c000000, 0x0000000800000000)
  region size 2048K, 131 young (268288K), 1 survivors (2048K)
 Metaspace       used 112951K, committed 114368K, reserved 1179648K
  class space    used 12489K, committed 13120K, reserved 1048576K
}
Event: 2413.918 GC heap after
{Heap after GC invocations=148 (full 0):
 garbage-first heap   total 540672K, used 243170K [0x000000070c000000, 0x0000000800000000)
  region size 2048K, 2 young (4096K), 2 survivors (4096K)
 Metaspace       used 112951K, committed 114368K, reserved 1179648K
  class space    used 12489K, committed 13120K, reserved 1048576K
}
Event: 2414.969 GC heap before
{Heap before GC invocations=148 (full 0):
 garbage-first heap   total 540672K, used 505314K [0x000000070c000000, 0x0000000800000000)
  region size 2048K, 130 young (266240K), 2 survivors (4096K)
 Metaspace       used 112958K, committed 114368K, reserved 1179648K
  class space    used 12489K, committed 13120K, reserved 1048576K
}
Event: 2414.971 GC heap after
{Heap after GC invocations=149 (full 0):
 garbage-first heap   total 540672K, used 242589K [0x000000070c000000, 0x0000000800000000)
  region size 2048K, 2 young (4096K), 2 survivors (4096K)
 Metaspace       used 112958K, committed 114368K, reserved 1179648K
  class space    used 12489K, committed 13120K, reserved 1048576K
}
Event: 2415.262 GC heap before
{Heap before GC invocations=149 (full 0):
 garbage-first heap   total 540672K, used 504733K [0x000000070c000000, 0x0000000800000000)
  region size 2048K, 130 young (266240K), 2 survivors (4096K)
 Metaspace       used 112959K, committed 114368K, reserved 1179648K
  class space    used 12489K, committed 13120K, reserved 1048576K
}
Event: 2415.264 GC heap after
{Heap after GC invocations=150 (full 0):
 garbage-first heap   total 540672K, used 242668K [0x000000070c000000, 0x0000000800000000)
  region size 2048K, 2 young (4096K), 2 survivors (4096K)
 Metaspace       used 112959K, committed 114368K, reserved 1179648K
  class space    used 12489K, committed 13120K, reserved 1048576K
}
Event: 2534.827 GC heap before
{Heap before GC invocations=151 (full 0):
 garbage-first heap   total 540672K, used 504812K [0x000000070c000000, 0x0000000800000000)
  region size 2048K, 130 young (266240K), 2 survivors (4096K)
 Metaspace       used 112976K, committed 114368K, reserved 1179648K
  class space    used 12489K, committed 13120K, reserved 1048576K
}
Event: 2534.829 GC heap after
{Heap after GC invocations=152 (full 0):
 garbage-first heap   total 540672K, used 242630K [0x000000070c000000, 0x0000000800000000)
  region size 2048K, 2 young (4096K), 2 survivors (4096K)
 Metaspace       used 112976K, committed 114368K, reserved 1179648K
  class space    used 12489K, committed 13120K, reserved 1048576K
}
Event: 2535.040 GC heap before
{Heap before GC invocations=152 (full 0):
 garbage-first heap   total 540672K, used 504774K [0x000000070c000000, 0x0000000800000000)
  region size 2048K, 130 young (266240K), 2 survivors (4096K)
 Metaspace       used 112976K, committed 114368K, reserved 1179648K
  class space    used 12489K, committed 13120K, reserved 1048576K
}
Event: 2535.042 GC heap after
{Heap after GC invocations=153 (full 0):
 garbage-first heap   total 540672K, used 242336K [0x000000070c000000, 0x0000000800000000)
  region size 2048K, 2 young (4096K), 2 survivors (4096K)
 Metaspace       used 112976K, committed 114368K, reserved 1179648K
  class space    used 12489K, committed 13120K, reserved 1048576K
}
Event: 14016.921 GC heap before
{Heap before GC invocations=153 (full 0):
 garbage-first heap   total 540672K, used 504480K [0x000000070c000000, 0x0000000800000000)
  region size 2048K, 130 young (266240K), 2 survivors (4096K)
 Metaspace       used 113140K, committed 114560K, reserved 1179648K
  class space    used 12501K, committed 13120K, reserved 1048576K
}
Event: 14016.933 GC heap after
{Heap after GC invocations=154 (full 0):
 garbage-first heap   total 540672K, used 242367K [0x000000070c000000, 0x0000000800000000)
  region size 2048K, 2 young (4096K), 2 survivors (4096K)
 Metaspace       used 113140K, committed 114560K, reserved 1179648K
  class space    used 12501K, committed 13120K, reserved 1048576K
}

