# JRE version: OpenJDK Runtime Environment Temurin-21.0.8+9 (21.0.8+9) (build 21.0.8+9-LTS)
# Java VM: OpenJDK 64-Bit Server VM Temurin-21.0.8+9 (21.0.8+9-LTS, mixed mode, tiered, compressed oops, compressed class ptrs, g1 gc, windows-amd64)
GC Precious Log:
 CardTable entry size: 512
 Card Set container configuration: InlinePtr #cards 4 size 8 Array Of Cards #cards 16 size 48 Howl #buckets 8 coarsen threshold 3686 Howl Bitmap #cards 512 size 80 coarsen threshold 460 Card regions per heap region 1 cards per card region 4096
 CPUs: 16 total, 16 available
 Memory: 15611M
 Large Page Support: Disabled
 NUMA Support: Disabled
 Compressed Oops: Enabled (Zero based)
 Heap Region Size: 2M
 Heap Min Capacity: 8M
 Heap Initial Capacity: 244M
 Heap Max Capacity: 3904M
 Pre-touch: Disabled
 Parallel Workers: 13
 Concurrent Workers: 3
 Concurrent Refinement Workers: 13
 Periodic GC: Disabled
Heap:
 garbage-first heap   total 649216K, used 620473K [0x000000070c000000, 0x0000000800000000)
  region size 2048K, 178 young (364544K), 1 survivors (2048K)
 Metaspace       used 114714K, committed 116096K, reserved 1179648K
  class space    used 12449K, committed 13184K, reserved 1048576K
GC Heap History (20 events):
Event: 179408.369 GC heap after
{Heap after GC invocations=289 (full 0):
 garbage-first heap   total 649216K, used 248500K [0x000000070c000000, 0x0000000800000000)
  region size 2048K, 6 young (12288K), 6 survivors (12288K)
 Metaspace       used 114521K, committed 115840K, reserved 1179648K
  class space    used 12501K, committed 13184K, reserved 1048576K
}
Event: 179408.961 GC heap before
{Heap before GC invocations=290 (full 0):
 garbage-first heap   total 649216K, used 600756K [0x000000070c000000, 0x0000000800000000)
  region size 2048K, 178 young (364544K), 6 survivors (12288K)
 Metaspace       used 114452K, committed 115840K, reserved 1179648K
  class space    used 12483K, committed 13184K, reserved 1048576K
}
Event: 179408.986 GC heap after
{Heap after GC invocations=291 (full 0):
 garbage-first heap   total 649216K, used 248452K [0x000000070c000000, 0x0000000800000000)
  region size 2048K, 5 young (10240K), 5 survivors (10240K)
 Metaspace       used 114452K, committed 115840K, reserved 1179648K
  class space    used 12483K, committed 13184K, reserved 1048576K
}
Event: 179409.365 GC heap before
{Heap before GC invocations=291 (full 0):
 garbage-first heap   total 649216K, used 602756K [0x000000070c000000, 0x0000000800000000)
  region size 2048K, 178 young (364544K), 5 survivors (10240K)
 Metaspace       used 114452K, committed 115840K, reserved 1179648K
  class space    used 12483K, committed 13184K, reserved 1048576K
}
Event: 179409.376 GC heap after
{Heap after GC invocations=292 (full 0):
 garbage-first heap   total 649216K, used 247716K [0x000000070c000000, 0x0000000800000000)
  region size 2048K, 4 young (8192K), 4 survivors (8192K)
 Metaspace       used 114452K, committed 115840K, reserved 1179648K
  class space    used 12483K, committed 13184K, reserved 1048576K
}
Event: 179409.903 GC heap before
{Heap before GC invocations=292 (full 0):
 garbage-first heap   total 649216K, used 604068K [0x000000070c000000, 0x0000000800000000)
  region size 2048K, 178 young (364544K), 4 survivors (8192K)
 Metaspace       used 114452K, committed 115840K, reserved 1179648K
  class space    used 12483K, committed 13184K, reserved 1048576K
}
Event: 179409.906 GC heap after
{Heap after GC invocations=293 (full 0):
 garbage-first heap   total 649216K, used 247882K [0x000000070c000000, 0x0000000800000000)
  region size 2048K, 3 young (6144K), 3 survivors (6144K)
 Metaspace       used 114452K, committed 115840K, reserved 1179648K
  class space    used 12483K, committed 13184K, reserved 1048576K
}
Event: 179410.429 GC heap before
{Heap before GC invocations=294 (full 0):
 garbage-first heap   total 649216K, used 606282K [0x000000070c000000, 0x0000000800000000)
  region size 2048K, 178 young (364544K), 3 survivors (6144K)
 Metaspace       used 114309K, committed 115840K, reserved 1179648K
  class space    used 12463K, committed 13184K, reserved 1048576K
}
Event: 179410.431 GC heap after
{Heap after GC invocations=295 (full 0):
 garbage-first heap   total 649216K, used 247767K [0x000000070c000000, 0x0000000800000000)
  region size 2048K, 2 young (4096K), 2 survivors (4096K)
 Metaspace       used 114309K, committed 115840K, reserved 1179648K
  class space    used 12463K, committed 13184K, reserved 1048576K
}
Event: 179410.965 GC heap before
{Heap before GC invocations=295 (full 0):
 garbage-first heap   total 649216K, used 608215K [0x000000070c000000, 0x0000000800000000)
  region size 2048K, 178 young (364544K), 2 survivors (4096K)
 Metaspace       used 114309K, committed 115840K, reserved 1179648K
  class space    used 12463K, committed 13184K, reserved 1048576K
}
Event: 179410.974 GC heap after
{Heap after GC invocations=296 (full 0):
 garbage-first heap   total 649216K, used 247662K [0x000000070c000000, 0x0000000800000000)
  region size 2048K, 1 young (2048K), 1 survivors (2048K)
 Metaspace       used 114309K, committed 115840K, reserved 1179648K
  class space    used 12463K, committed 13184K, reserved 1048576K
}
Event: 179411.389 GC heap before
{Heap before GC invocations=296 (full 0):
 garbage-first heap   total 649216K, used 610158K [0x000000070c000000, 0x0000000800000000)
  region size 2048K, 178 young (364544K), 1 survivors (2048K)
 Metaspace       used 114309K, committed 115840K, reserved 1179648K
  class space    used 12463K, committed 13184K, reserved 1048576K
}
Event: 179411.397 GC heap after
{Heap after GC invocations=297 (full 0):
 garbage-first heap   total 649216K, used 247931K [0x000000070c000000, 0x0000000800000000)
  region size 2048K, 1 young (2048K), 1 survivors (2048K)
 Metaspace       used 114309K, committed 115840K, reserved 1179648K
  class space    used 12463K, committed 13184K, reserved 1048576K
}
Event: 183712.175 GC heap before
{Heap before GC invocations=298 (full 0):
 garbage-first heap   total 649216K, used 610427K [0x000000070c000000, 0x0000000800000000)
  region size 2048K, 178 young (364544K), 1 survivors (2048K)
 Metaspace       used 114305K, committed 115840K, reserved 1179648K
  class space    used 12461K, committed 13184K, reserved 1048576K
}
Event: 183712.185 GC heap after
{Heap after GC invocations=299 (full 0):
 garbage-first heap   total 649216K, used 247945K [0x000000070c000000, 0x0000000800000000)
  region size 2048K, 1 young (2048K), 1 survivors (2048K)
 Metaspace       used 114305K, committed 115840K, reserved 1179648K
  class space    used 12461K, committed 13184K, reserved 1048576K
}
Event: 183713.491 GC heap before
{Heap before GC invocations=299 (full 0):
 garbage-first heap   total 649216K, used 610441K [0x000000070c000000, 0x0000000800000000)
  region size 2048K, 178 young (364544K), 1 survivors (2048K)
 Metaspace       used 114305K, committed 115840K, reserved 1179648K
  class space    used 12461K, committed 13184K, reserved 1048576K
}
Event: 183713.497 GC heap after
{Heap after GC invocations=300 (full 0):
 garbage-first heap   total 649216K, used 247661K [0x000000070c000000, 0x0000000800000000)
  region size 2048K, 1 young (2048K), 1 survivors (2048K)
 Metaspace       used 114305K, committed 115840K, reserved 1179648K
  class space    used 12461K, committed 13184K, reserved 1048576K
}
Event: 183723.981 GC heap before
{Heap before GC invocations=300 (full 0):
 garbage-first heap   total 649216K, used 610157K [0x000000070c000000, 0x0000000800000000)
  region size 2048K, 178 young (364544K), 1 survivors (2048K)
 Metaspace       used 114305K, committed 115840K, reserved 1179648K
  class space    used 12461K, committed 13184K, reserved 1048576K
}
Event: 183723.987 GC heap after
{Heap after GC invocations=301 (full 0):
 garbage-first heap   total 649216K, used 247737K [0x000000070c000000, 0x0000000800000000)
  region size 2048K, 1 young (2048K), 1 survivors (2048K)
 Metaspace       used 114305K, committed 115840K, reserved 1179648K
  class space    used 12461K, committed 13184K, reserved 1048576K
}
Event: 244856.545 GC heap before
{Heap before GC invocations=302 (full 0):
 garbage-first heap   total 649216K, used 618425K [0x000000070c000000, 0x0000000800000000)
  region size 2048K, 178 young (364544K), 1 survivors (2048K)
 Metaspace       used 114714K, committed 116096K, reserved 1179648K
  class space    used 12449K, committed 13184K, reserved 1048576K
}

